[   .00000Intialing cgrou subsys cput
[    0.000000] Initliing cgroup subsycp
[  00000] nitializg croususys cpuacct
[    0.000000] Linux version 4.4.0-150-generic (buildd@lgw01-amd64-036) (gcc version 5.4.0 20160609 (Ubuntu 5.4.0-6ubuntu1~16.04.10) ) #176-Ubuntu SMP Wed May 29 18:56:26 UTC 2019 (Ubuntu 4.0-150.176-generic 4.4.179
[  0.000000] Command line: BOOT_IMAGE=/boot/vmlinuz-4.4.0-150-generic root=LABEL=cloudimg-rootfs ro console=tty1 console=ttyS0
[    0.000000] KERNEL supported cpus:
[    0.000000]   Intel GenuineIntel
[    0.000000]   AMD AuthenticAMD
[    0.000000]   Centaur CentaurHauls
[    0.000000] x86/fpu: xstate_offset[2]:  576, xstate_sizes[2]:  256
[  0000000] x86/fpu: Supporting XSAVE feature 01 'x87 floating point registers'[   .00000] 6/pu: Spoting XSAVfeture 0x0 'SSE registers
[  .000000] x86/fpu: SupporngXSAVE featurex04:'AVXegsters'
  0.0000] 86/fpu: Ebld xstate feurs 0x7cotextiz is 832 bys, using 'standard' format.
[    0.000000] e820: IOS-provided physical RAM map:
[    00000] BIOS-e820: [mem 0x0000000000000000-0x000000000009fbff] usable
[    0.000000] BIOS-e820: [mem 0x00000000009fc00-0x000000000009ffff] reserved
[    0.000000] BIOS-e82 [mem 0x000000000f0000-0x00000000ffff] reserved[   0.0000 BIOS-e820: [mem 0x0000000000100000-0x00000000dffeffff] usable
[  000000BIOS-e820: [mem 0x00000000dfff0000-0x00000000dfffffff] ACPI data
[    0.000000] BIOS-e820: [mem 0x00000000fec00000-0x00000000fec00fff] reserved
[    0.000000] BIOS-e820: [mem 0x00000000fee00000-0x00000000fee00fff] reserved
[    0.000000] BIOS-e820: [mem 0x00000000fffc0000-0x00000000ffffffff] reserved
[    0.000000] BIOS-e820: [mem 0x0000000100000000-0x0000000125ffffff] usable
[    0.000000] NX (Execute Disable) protection: active
[    0.000000] SMBIOS 2.5 present.
[    0.000000] Hypervisor detected: KVM
[    0.000000] e820: last_pfn = 0x126000 max_arch_pfn = 0x400000000
[    0.000000] MTRR: Disabled
[    0.000000] x86/PAT: MTRRs disabled, skipping PAT initialization too.
[    0.000000] CPU MTRRs all blank - virtualized system.
[    0.000000] x86/PAT: Configuration [0-7]: WB  WT  UC- UC  WB  WT  UC- UC  
[    0.000000] e820: last_pfn = 0xdfff0 max_arch_pfn = 0x400000000
[    0.000000] found SMP MP-table at [mem 0x0009fff0-0x0009ffff] mapped at [ffff88000009fff0]
[    0.000000] Scanning 1 areas for low memory corruption
[    0.000000] RAMDISK: [mem 0x362f8000-0x37173fff]
[  0.000000] ACPI: Early table checksum verification disabled
[    0.000000] ACPI: RSDP 0x00000000000E0000 000024 (v02 VBOX  )
[    0.000000] ACPI: XSDT 0x00000000DFFF0030 00003C (v01 VBOX   VBOXXSDT 00000001 ASL  00000061)
[    0.000000] ACPI: FACP 0x00000000DFFF00F0 0004 (v04 VBOX   VBOXFACP 00000001 ASL  00000061)
[   0.000000] ACPI: DSDT 0x00000000DFFF0470 0021FF (v02 VBOX   VBOXBIOS 00000002 INTL 200528)
[    0.000000] ACPI: FACS 0x00000000DFFF0200 000040
[   0.000000] ACPI: FACS 0x00000000DFFF0200 000040
[    0.000000] ACPI: APIC 0x00000000DFFF0240 00005C (v02 VBOX   VBOXAPIC 00000001 ASL  00000061)
[    0.000000] ACPI: SSDT 0x00000000DFFF02A0 0001CC (v01 VBOX   VBOXCPUT 00000002 INTL 20100528)
[    0.000000] No NUMA configuration fnd
[    0.00000] Faking a node  [em 0x0000000000000000-0x0000000125ffffff]
[    0.000000] NODE_DATA(0) allocated [mem 0x125ff7000-0x125ffbfff]
[    0.000000] kvm-clock: Using msrs 4b564d01 and 4b564d00
[    0.000000] kvm-clock: cpu 0, msr 1:25fef001, primary cpu clock
[    0.000000] kvm-clock: using sched offset of 3559872194 cycles
[    0.000000] clocksource: kvm-clock: mask: 0xffffffffffffffff max_cycles: 0x1cd42e4dffb, max_idle_ns: 881590591483 ns
[    0.000000] Zone ranges:
    0.000000]   DMA      [mem 0x0000000000001000-0x0000000000ffffff]
[   .000000]   DMA32    [mem 0x0000000001000000-0x00000000ffffffff]
[    0.000000]   Normal   [mem 0x0000000100000000-0x0000000125ffffff]
[    0.000000]   Device   empty
[    0.000000] Movable zone start for each node
[    0.000000] Early memory node ranges
[    0.000000]   node   0: [mem 0x0000000000001000-0x000000000009efff
[    0.000000]   node   0: [mem 0x0000000000100000-0x00000000dffeffff]
[    0.000000]   node   0: [mem 0x0000000100000000-0x0000000125ffffff]
[    0.000000] Initmem setup node 0 [mem 0x0000000000001000-0x0000000125ffffff]
[    0.000000] ACPI: PM-Timer IO Port: 0x4008
[    0.000000] IOAPIC[0]: apic_id 2, version 32, address 0xfec00000, GSI0-23
[    0.000000] ACPI: INT_SRC_OVR (bus 0 bus_irq 0 global_irq 2 dflfl
[  00000]ACPI: INTRCOVR (bus 0 bus_irq 9 globair 9 low level)
[    0.000000]sig ACPI (MADT) forMP cofiguration iormation
  0.000000] smpboot: Allowing 2 CPUs, 0 hotplug CPUs
[  0.000000] PM: Registered nosave memory: [mem 0x00000000-0x00000fff]
[   0.000000] PM: Registered nosave memory: [memx009f000-0x0009ffff]
[   0.000000] PM: Registered nosave memory: [mem 0x000a0000-0x000effff]
[    0.000000] PM: Registered nosave memory: [mem 0x000f0000-0x000fffff]
[    0.000000] PM: Registered nosave memory: [mem 0xdfff0000-0xdfffffff]
[    0.000000] PM: Registered nosave memory: [mem 0xe0000000-0xfebfffff]
[  0.00000 P: Regtered sae memory: [m 0xfec00000-0xfecff]
[  00000] M: Registered nosave memo: mem fe01000-0xfedfffff]
[  0000000]M: Registred nav memory: em 0xfee00000-0xfee0fff]
    0.000000] PM: Registered nose mery [mem 0xfee01000-0xfffbffff]
  0.000000] PM: Registered nosave memory: [mem 0xfffc0000-0xffffffff]
[    0.000000] e820: [mem 0xe0000000-0xfebfffff] available for PCI devices
[    0.000000] Booting paravirtualized kernel on KVM
[    0.000000] clocksource: refined-jiffies: mask: 0xffffffff max_cycles: 0xffffffff, max_idle_ns: 7645519600211568 ns
[    0.000000] setup_percpu: NR_CPUS:512 nr_cpumask_bits:512 nr_cpu_ids:2 nr_node_ids:1
[    0.000000] PERCPU: Embedded 34 pages/cpu @ffff880125c00000 s99480 r8192 d31592 u1048576
[    0.000000] Built 1 zonelists in Node order, mobility grouping on.  Total pages: 1056248
[  0.000000] Policy zone: Normal
[    0.000000] Kernel command line: BOOT_IMAGE=/boot/vmlinuz-4.4.0-150-generic root=LABEL=cloudimg-rootfs ro console=tty1 console=ttyS0
[    0.000000] PID hash table entries: 4096 (order: 3, 32768 bytes)
[    .000000] Memory: 412449K/4292152K avlale (83K keel cde, 1335K rwdata, 4028Kodata 1484K init, 1284K bs 167656K reserved,  ca-seved)    0.000] SLUB: HWalign4, Orer=0-3, MinObjects, CUs=2, Nes1
  0.000000] Keel/ser pagtables isolation: enabled
[   0.000000] Hierarchical RCU implementation.
[    0.000000] 	Build-time adjustment of leaf fanout to 64.
[    0.0000] 	RCU restricting CPUs from NR_CPUS=512 to nr_cpu_ids=2.
[    0.000000] RCU: Adjusting geometry for rcu_fanout_leaf=64, nr_cpu_ids=2
[    0.000000] NR_IRQS:33024 nr_irqs:440 16
[    0.000000] Console: colour VGA+0x25
[    0.000000] console [tty1] enabled
[   0.000000] console [ttyS0] enabled
[  0.000000] tsc: Detected 3599.996 MHz processor
[    5.420148] Calibrating delay loop (skipped) preset value.. 7199.99 BogoMIPS (lpj=14399984)
[    5.422053] pid_max: default: 32768 minimum: 301
[    5.435354] ACPI: Core revision 20150930
[    5.438052] ACPI: 2 ACPI AML tables successfully acquired and loaded
[    5.452967] Security Framework initialized
[    5.453898] Yama: becoming mindful.
[    5.454755] AppArmor: AppArmor initialized
[    5.475663] Dentry cache hash table entries: 1048576 (order: 11, 8388608 bytes)
[    5.488583] Inode-cache hash table entries: 524288 (order: 10, 4194304 bytes)
[    5.506544] Mount-cache hash table entries: 16384 (order: 5, 131072 bytes)
[    5.522061] Mountpoint-cache hash table entries: 16384 (order: 5, 131072 bytes)
[    5.541552] Initializing cgroup subsys io
[    5.544596] Initializing cgroup subsys memory
[    5.545688] Initializing cgroup subsys devices
[    5.546703] Initializing cgroup subsys freezer
[    5.547728] Initializing cgroup subsys net_cls
[    5.548742] Initializing cgroup subsys perf_event
[    5.549763] Initializing cgroup subsys net_prio
[    5.550805] Initializing cgroup subsys hugetlb
[    5.551813] Initializing cgroup subsys pids
[    5.553851] mce: CPU supports 0 MCE banks
[    5.554791] Last level iTLB entries: 4KB 128, 2MB 8, 4MB 8
[    5.564758] Last level dTLB entries: 4KB 64, 2MB 0, 4MB 0, 1GB 4
[    5.566069] Spectre V2 : Mitigation: Full generic retpoline
[    5.580898] Spectre V2 : Spectre v2 / SpectreRSB mitigation: Filling RSB on context switch
[    5.582738] Speculative Store Bypass: Vulnerable
[    5.583868] MDS: Vulnerable: Clear CPU buffers attempted, no microcode
[    5.587708] Freeing SMP alternatives memory: 36K
[    5.593836] ftrace: allocating 32298 entries in 127 pages
[    5.648790] smpboot: APIC(0) Converting physical 0 to logical package 0
[    5.679750] smpboot: Max logical packages: 1
[    5.681035] x2apic enabled
[    5.696249] Switched APIC routing to physical x2apic.
[    5.705373] ..TIMER: vector=0x30 apic1=0 pin1=2 apic2=-1 pin2=-1
[    5.812210] smpboot: CPU0: Intel(R) Core(TM) i3-8100 CPU @ 3.60GHz (family: 0x6, model: 0x9e, stepping: 0xb)
[    5.845067] Performance Events: unsupported p6 CPU model 158 no PMU driver, software events only.
[    5.863452] KVM setup paravirtual spinlock
[    5.865110] x86: Booting SMP configuration:
[    5.891792] .... node  #0, CPUs:      #1
[    5.892775] kvm-clock: cpu 1, msr 1:25fef041, secondary cpu clock
[    5.901507] mce: CPU supports 0 MCE banks
[    5.904052] x86: Booted up 1 node, 2 CPUs
[    5.911902] smpboot: Total of 2 processors activated (14399.98 BogoMIPS)
[    5.978718] devtmpfs: initialized
[    6.007510] evm: security.selinux
[    6.021567] evm: security.SMACK64
[    6.090104] evm: security.SMACK64EXEC
[    6.117217] evm: security.SMACK64TRANSMUTE
[    6.173898] evm: security.SMACK64MMAP
[    6.204286] evm: security.ima
[    6.205047] evm: security.capability
[    6.208639] clocksource: jiffies: mask: 0xffffffff max_cycles: 0xffffffff, max_idle_ns: 7645041785100000 ns
[    6.319657] futex hash table entries: 512 (order: 3, 32768 bytes)
[    6.340477] pinctrl core: initialized pinctrl subsystem
[    6.347363] RTC time: 12:31:52, date: 06/13/19
[    6.355321] NET: Registered protocol family 16
[    6.371484] cpuidle: using governor ladder
[    6.410484] cpuidle: using governor menu
[    6.418233] PCCT header not found.
[    6.419343] ACPI: bus type PCI registered
[    6.420271] acpiphp: ACPI Hot Plug PCI Controller Driver version: 0.5
[    6.441972] PCI: Using configuration type 1 for base access
[    6.466412] ACPI: Added _OSI(Module Device)
[    6.507561] ACPI: Added _OSI(Processor Device)
[    6.542033] ACPI: Added _OSI(3.0 _SCP Extensions)
[    6.590592] ACPI: Added _OSI(Processor Aggregator Device)
[    6.659290] ACPI: Executed 1 blocks of module-level executable AML code
[    6.669433] ACPI: Interpreter enabled
[    6.670307] ACPI: (supports S0 S5)
[    6.671155] ACPI: Using IOAPIC for interrupt routing
[    6.672381] PCI: Using host bridge windows from ACPI; if necessary, use "pci=nocrs" and report a bug
[    6.697345] ACPI: PCI Root Bridge [PCI0] (domain 0000 [bus 00-ff])
[    6.730795] acpi PNP0A03:00: _OSC: OS supports [ASPM ClockPM Segments MSI]
[    6.759478] acpi PNP0A03:00: _OSC: not requesting OS control; OS requires [ExtendedConfig ASPM ClockPM MSI]
[    6.770883] acpi PNP0A03:00: fail to add MMCONFIG information, can't access extended PCI configuration space under this bridge.
[    6.786210] PCI host bridge to bus 0000:00
[    6.826752] pci_bus 0000:00: root bus resource [io  0x0000-0x0cf7 window]
[    6.878677] pci_bus 0000:00: root bus resource [io  0x0d00-0xffff window]
[    6.908831] pci_bus 0000:00: root bus resource [mem 0x000a0000-0x000bffff window]
[    6.991170] pci_bus 0000:00: root bus resource [mem 0xe0000000-0xfdffffff window]
[    6.999747] pci_bus 0000:00: root bus resource [bus 00-ff]
[    7.043590] pci 0000:00:01.1: legacy IDE quirk: reg 0x10: [io  0x01f0-0x01f7]
[    7.070570] pci 0000:00:01.1: legacy IDE quirk: reg 0x14: [io  0x03f6]
[    7.141136] pci 0000:00:01.1: legacy IDE quirk: reg 0x18: [io  0x0170-0x0177]
[    7.155915] pci 0000:00:01.1: legacy IDE quirk: reg 0x1c: [io  0x0376]
[    7.229005] pci 0000:00:07.0: quirk: [io  0x4000-0x403f] claimed by PIIX4 ACPI
[    7.262438] pci 0000:00:07.0: quirk: [io  0x4100-0x410f] claimed by PIIX4 SMB
[    7.315601] ACPI: PCI Interrupt Link [LNKA] (IRQs 5 9 10 *11)
[    7.323033] ACPI: PCI Interrupt Link [LNKB] (IRQs 5 9 *10 11)
[    7.376509] ACPI: PCI Interrupt Link [LNKC] (IRQs 5 *9 10 11)
[    7.412143] ACPI: PCI Interrupt Link [LNKD] (IRQs 5 9 10 *11)
[    7.418461] ACPI: Enabled 2 GPEs in block 00 to 07
[    7.430296] vgaarb: setting as boot device: PCI:0000:00:02.0
[    7.431582] vgaarb: device added: PCI:0000:00:02.0,decodes=io+mem,owns=io+mem,locks=none
[    7.433496] vgaarb: loaded
[    7.440808] vgaarb: bridge control possible 0000:00:02.0
[    7.448701] SCSI subsystem initialized
[    7.449885] ACPI: bus type USB registered
[    7.450874] usbcore: registered new interface driver usbfs
[    7.452093] usbcore: registered new interface driver hub
[    7.453342] usbcore: registered new device driver usb
[    7.458204] PCI: Using ACPI for IRQ routing
[    7.460125] NetLabel: Initializing
[    7.461036] NetLabel:  domain hash size = 128
[    7.462221] NetLabel:  protocols = UNLABELED CIPSOv4
[    7.463429] NetLabel:  unlabeled traffic allowed by default
[    7.484914] amd_nb: Cannot enumerate AMD northbridges
[    7.488649] clocksource: Switched to clocksource kvm-clock
[    7.507819] AppArmor: AppArmor Filesystem Enabled
[    7.09210] pnp: PnP ACPI init
[    7.535532] pnp: PnP ACPI: found 3 devices

[    7.546632] clocksource: acpi_pm: mask: 0xffffff max_cycles: 0xffffff, max_idle_ns2085701024 ns
[  7.609076] NET: Registered protocol family 2

[    7.658901] TCP established hash table entries: 65536 (order: 7, 524288 bytes)
[    7.660693] TCP bind hash table entries: 65536 (order: 8, 1048576 bytes)
[  7.664674] TCP: Hash tables configured (established 65536 bind 65536)
[    7.721253] UDP hash table entries: 4096 (order: 5, 131072 bytes)
[    7.722745] UDP-Lite hash table entries: 4096 (order: 5, 131072 bytes)
[    7.724305] NET: Registered protocol family 1
[    7.725318] pci 0000:00:00.0: Limiting direct PCI/PCI transfers
[    7.726582] pci 0000:00:01.0: Activating ISA DMA hang workarounds
[    7.796 Uacngniamfs...

[    8.258180] Freeing initrd memory: 14832K
[    8.261694] PCI-DMA: Using software bounce buffering for IO (SWIOTLB)
[    8.277929] software IO TLB: mapped [mem 0xdbff0000-0xdfff0000] (64MB)
[    8.279387] clocksource: tsc: mask: 0xffffffffffffffff max_cycles: 0x33e44fb235b, max_idle_ns: 440795341910 ns
[    8.288516] platform rtc_cmos: registered platform RTC device (no PNP device found)
[    8.296991] Scanning for low memory corruption every 60 seconds
[    8.315306] audit: initializing netlink subsys (disabled)
[    8.324100] audit: type=2000 audit(1560429113.458:1): initialized
[    8.332538] Initialise system trusted keyring
[    8.333789] HugeTLB registered 2 MB page size, pre-allocated 0 pages
[    8.343593] zbud: loaded
[    8.344723] VFS: Disk quotas dquot_6.6.0
[    8.358753] VFS: Dquot-cache hash table entries: 512 (order 0, 4096 bytes)
[    8.367398] squashfs: version 4.0 (2009/01/31) Phillip Lougher
[    8.383081] fuse init (API version 7.23)
[    8.384142] Key type big_key registered
[    8.385096] Allocating IMA MOK and blacklist keyrings.
[    8.400772] Key type asymmetric registered
[    8.401714] Asymmetric key parser 'x509' registered
[    8.402803] Block layer SCSI generic (bsg) driver version 0.4 loaded (major 249)
[    8.464366] io scheduler noop registered
[    8.471868] io scheduler deadline registered (default)
[    8.479765] io scheduler cfq registered
[    8.480873] pci_hotplug: PCI Hot Plug PCI Core version: 0.5
[    8.495852] pciehp: PCI Express Hot Plug Controller Driver version: 0.4
[    8.518731] ACPI: AC Adapter [AC] (on-line)
[    8.519790] input: Power Button as /devices/LNXSYSTM:00/LNXPWRBN:00/input/input0
[    8.521529] ACPI: Power Button [PWRF]
[    8.522488] input: Sleep Button as /devices/LNXSYSTM:00/LNXSLPBN:00/input/input1
[    8.524378] ACPI: Sleep Button [SLPF]
[    8.525602] GHES: HEST is not enabled!
[    8.526662] Serial: 8250/16550 driver, 32 ports, IRQ sharing enabled
[    8.568950] 00:02: ttyS0 at I/O 0x3f8 (irq = 4, base_baud = 115200) is a 16550A
[    8.586753] Linux agpgart interface v0.103
[    8.592314] loop: module loaded
[    8.600230] scsi host0: ata_piix
[    8.607887] scsi host1: ata_piix
[    8.615220] ata1: PATA max UDMA/33 cmd 0x1f0 ctl 0x3f6 bmdma 0xd000 irq 14
[    8.624715] ata2: PATA max UDMA/33 cmd 0x170 ctl 0x376 bmdma 0xd008 irq 15
[    8.648667] libphy: Fixed MDIO Bus: probed
[    8.649618] tun: Universal TUN/TAP device driver, 1.6
[    8.650692] tun: (C) 1999-2004 Max Krasnyansky <maxk@qualcomm.com>
[    8.652046] PPP generic driver version 2.4.2
[    8.661678] ehci_hcd: USB 2.0 'Enhanced' Host Controller (EHCI) Driver
[    8.663244] ehci-pci: EHCI PCI platform driver
[    8.672524] ehci-platform: EHCI generic platform driver
[    8.697035] ohci_hcd: USB 1.1 'Open' Host Controller (OHCI) Driver
[    8.733197] ohci-pci: OHCI PCI platform driver
[    8.734226] ohci-platform: OHCI generic platform driver
[    8.735506] uhci_hcd: USB Universal Host Controller Interface driver
[    8.779076] i8042: PNP: PS/2 Controller [PNP0303:PS2K,PNP0f03:PS2M] at 0x60,0x64 irq 1,12
[    8.796204] serio: i8042 KBD port at 0x60,0x64 irq 1
[    8.853135] serio: i8042 AUX port at 0x60,0x64 irq 12
[    8.854359] mousedev: PS/2 mouse device common for all mice
[    8.856093] rtc_cmos rtc_cmos: rtc core: registered rtc_cmos as rtc0
[    8.865543] input: AT Translated Set 2 keyboard as /devices/platform/i8042/serio0/input/input2
[    8.867500] rtc_cmos rtc_cmos: alarms up to one day, 114 bytes nvram
[    8.891200] i2c /dev entries driver
[    8.904039] device-mapper: uevent: version 1.0.3
[    8.905261] device-mapper: ioctl: 4.34.0-ioctl (2015-10-28) initialised: dm-devel@redhat.com
[    8.912921] ledtrig-cpu: registered to indicate activity on CPUs
[    8.914704] NET: Registered protocol family 10
[    8.930880] NET: Registered protocol family 17
[    8.931942] Key type dns_resolver registered
[    8.933236] registered taskstats version 1
[    8.949744] Loading compiled-in X.509 certificates
[    8.965647] Loaded X.509 cert 'Build time autogenerated kernel key: a7915d3ef14e82ec7978a6e44664328aa121e7a5'
[    8.988245] zswap: loaded using pool lzo/zbud
[    8.991080] Key type trusted registered
[    8.995398] Key type encrypted registered
[    8.996390] AppArmor: AppArmor sha1 policy hashing enabled
[    9.004632] ima: No TPM chip found, activating TPM-bypass!
[    9.013180] ima: Allocated hash algorithm: sha1
[    9.022528] evm: HMAC attrs: 0x1
[    9.030205]   Magic number: 7:725:531
[    9.031162] tty ttyS11: hash matches
[    9.032125] rtc_cmos rtc_cmos: setting system clock to 2019-06-13 12:31:55 UTC (1560429115)
[    9.047264] BIOS EDD facility v0.16 2004-Jun-25, 0 devices found
[    9.083793] EDD information not available.
[    9.107078] Freeing unused kernel memory: 1484K
[    9.137514] Write protecting the kernel read-only data: 14336k
[    9.139247] Freeing unused kernel memory: 1616K
[    9.148080] Freeing unused kernel memory: 68K
Loading, please wait...
starting version 229
[    9.189627] random: systemd-udevd: uninitialized urandom read (16 bytes read, 3 bits of entropy available)
[    9.190303] random: udevadm: uninitialized urandom read (16 bytes read, 3 bits of entropy available)
[    9.190319] random: udevadm: uninitialized urandom read (16 bytes read, 3 bits of entropy available)
[    9.200827] random: udevadm: uninitialized urandom read (16 bytes read, 3 bits of entropy available)
[    9.200868] random: udevadm: uninitialized urandom read (16 bytes read, 3 bits of entropy available)
[    9.201003] random: udevadm: uninitialized urandom read (16 bytes read, 3 bits of entropy available)
[    9.201050] random: udevadm: uninitialized urandom read (16 bytes read, 3 bits of entropy available)
[    9.201095] random: udevadm: uninitialized urandom read (16 bytes read, 3 bits of entropy available)
[    9.201141] random: udevadm: uninitialized urandom read (16 bytes read, 3 bits of entropy available)
[    9.201188] random: udevadm: uninitialized urandom read (16 bytes read, 3 bits of entropy available)
[    9.410970] e1000: Intel(R) PRO/1000 Network Driver - version 7.3.21-k8-NAPI
[    9.412463] e1000: Copyright (c) 1999-2006 Intel Corporation.
[    9.419630] Fusion MPT base driver 3.04.20
[    9.420746] Copyright (c) 1999-2008 LSI Corporation
[    9.438524] AVX2 version of gcm_enc/dec engaged.
[    9.446526] AES CTR mode by8 optimization enabled
[    9.475974] Fusion MPT SPI Host driver 3.04.20
[    9.676450] input: ImExPS/2 Generic Explorer Mouse as /devices/platform/i8042/serio1/input/input4
[    9.849981] e1000 0000:00:03.0 eth0: (PCI:33MHz:32-bit) 02:bc:a8:42:42:bc
[    9.908018] e1000 0000:00:03.0 eth0: Intel(R) PRO/1000 Network Connection
[   10.453535] e1000 0000:00:08.0 eth1: (PCI:33MHz:32-bit) 08:00:27:03:06:e9
[   10.534119] e1000 0000:00:08.0 eth1: Intel(R) PRO/1000 Network Connection
[   10.581629] mptbase: ioc0: Initiating bringup
[   10.625444] e1000 0000:00:08.0 enp0s8: renamed from eth1
[   10.721106] e1000 0000:00:03.0 enp0s3: renamed from eth0
[   10.781536] ioc0: LSI53C1030 A0: Capabilities={Initiator}
[   10.995447] scsi host2: ioc0: LSI53C1030 A0, FwRev=00000000h, Ports=1, MaxQ=256, IRQ=20
[   11.109130] scsi 2:0:0:0: Direct-Access     VBOX     HARDDISK         1.0  PQ: 0 ANSI: 5
[   11.601689] scsi target2:0:0: Beginning Domain Validation
[   11.650685] scsi target2:0:0: Domain Validation skipping write tests
[   12.563645] scsi target2:0:0: Ending Domain Validation
[   12.642721] scsi target2:0:0: asynchronous
[   12.659785] scsi 2:0:1:0: Direct-Access     VBOX     HARDDISK         1.0  PQ: 0 ANSI: 5
[   12.663695] scsi target2:0:1: Beginning Domain Validation
[   12.667039] scsi target2:0:1: Domain Validation skipping write tests
[   12.668401] scsi target2:0:1: Ending Domain Validation
[   12.997430] scsi target2:0:1: asynchronous
[   13.010840] sd 2:0:0:0: [sda] 20971520 512-byte logical blocks: (10.7 GB/10.0 GiB)
[   13.011062] sd 2:0:0:0: Attached scsi generic sg0 type 0
[   13.014225] sd 2:0:0:0: [sda] Write Protect is off
[   13.014379] sd 2:0:1:0: Attached scsi generic sg1 type 0
[   13.014609] sd 2:0:1:0: [sdb] 20480 512-byte logical blocks: (10.5 MB/10.0 MiB)
[   13.014816] sd 2:0:1:0: [sdb] Write Protect is off
[   13.014890] sd 2:0:1:0: [sdb] Incomplete mode parameter data
[   13.014891] sd 2:0:1:0: [sdb] Assuming drive cache: write through
[   13.064536] sd 2:0:0:0: [sda] Incomplete mode parameter data
[   13.073810] sd 2:0:0:0: [sda] Assuming drive cache: write through
[   13.155160]  sda: sda1
[   13.157604] sd 2:0:1:0: [sdb] Attached SCSI disk
[   13.240127] sd 2:0:0:0: [sda] Attached SCSI disk
Begin: Loading essential drivers ... [   14.847437] md: linear personality registered for level -1
[   14.882838] md: multipath personality registered for level -4
[   14.893245] md: raid0 personality registered for level 0
[   14.902906] md: raid1 personality registered for level 1
[   14.985219] raid6: sse2x1   gen() 12448 MB/s
[   15.069401] raid6: sse2x1   xor()  9166 MB/s
[   15.136765] raid6: sse2x2   gen() 14389 MB/s
[   15.205052] raid6: sse2x2   xor()  9535 MB/s
[   15.289026] raid6: sse2x4   gen() 16698 MB/s
[   15.376911] raid6: sse2x4   xor() 11060 MB/s
[   15.460795] raid6: avx2x1   gen() 23336 MB/s
[   15.529112] raid6: avx2x2   gen() 24679 MB/s
[   15.605211] raid6: avx2x4   gen() 26218 MB/s
[   15.620919] raid6: using algorithm avx2x4 gen() 26218 MB/s
[   15.649142] raid6: using avx2x2 recovery algorithm
[   15.651316] xor: automatically using best checksumming function:
[   15.808753]    avx       : 27142.000 MB/sec
[   15.817218] async_tx: api initialized (async)
[   15.838514] md: raid6 personality registered for level 6
[   15.861972] md: raid5 personality registered for level 5
[   15.863122] md: raid4 personality registered for level 4
[   15.892246] md: raid10 personality registered for level 10
done.
Begin: Running /scripts/init-premount ... done[   15.947771] Btrfs loaded
.
Begin: Mounting root file system ... Begin: Running /scripts/local-top ... done.
Begin: Running /scripts/local-premount ... Scanning for Btrfs filesystems
done.
Warning: fsck no[   16.054153] EXT4-fs (sda1): mounted filesystem with ordered data mode. Opts: (null)
t present, so skipping root file system
done.
Begin: Running /scripts/local-bottom ... done.
Begin: Running /scripts/init-bottom ... done.
[   16.337113] systemd[1]:ysemd 229 runni in system de(+M +AUDIT +SENU+IMA +APPARMOR SMACK +SYSVINIT +UTMP +LIBCRYPTSETUP +GCRYPT +GNUTLS +ACL +XZ -LZ4 +SECCOMP +BLKID +ELFUTILS +KMOD -IDN)

[   16.762516] systemd[1]: Detected virtualization oracle.
[   16.7694] systemd[1]: Detected architecte 6-64.


Welcome to [1mUbuntu 16.04.6 LTS[0m!

[   17.37267] systd[: t stme t<untu-ni>.
[   18.131322] random: nonblocking pool is initialized
[  18.2588] stmd[1]: Set up aomount Arbitrary Executable File Formats File System Automount Point.
[[0;32m  OK  [0m] Set up automount Arbitrary Executab...ats File System Automount Point.
[   .065 sstemd[1]: Lieni o /dev/initctl Compatibili Ned Pipe.
[[0;32m  OK  [0m] Listening on /dev/initctl Compatibility Named Pipe.
[   20.04988 ste[1 Listening  L2 etadataaen cket.
[[0;32m  OK  [0m] Listening on LVM2 metadata daemon socket.
[ 21813]systemd[1]: Reached target Swap. [[0;32m  OK  [0m] Reached target Swap.
[ 21658] sysmd[1]: Listening on Journal Audit Socket.
[[0;32m  OK  [0m] Listening on Journal Audit Socket.
[   22.038580] systemd[1]: Reached target User and Group Name Lookups.
[[0;32m  OK  [0m] Reached target User and Group Name Lookups.
[ 22.041909] sysmd]: Listening on Device-mapr vent daemoFIFOs.
[[0;32m  OK  [0m] Listening on Device-mapper event daemon FIFOs.
[   22.509670] std[1]: Listening on Journal Socket.
[[0;32m  OK  [0m] Listening on Journal Socket.
[   .007324] systemd[1]: Listening on Sysg ck.
[[0;32m  OK  [0m] Listening on Syslog Socket.
[ 2317274] syste[1 Ltengn url Sock (/dev/g).
[[0;32m  OK  [0m] Listening on Journal Socket (/dev/log).
[   23.978226] systemd[1]: Reached target Encrypted Volumes.
[[0;32m  OK  [0m] Reached target Encrypted Volumes.
[   23.981670] systemd[1]: Listening on udev Control Socket.
[[0;32m  OK  [0m] Listening on udev Control Socket.
[   24.015106] systemd[1]: Start Trigger resolvconf upde for networkd DNS.
[[0;32m  OK  [0m] Started Trigger resolvconf update for networkd DNS.
[   24.126951] systemd[1]: Listening on udev Kernel Socket.
[[0;32m  OK  [0m] Listening on udev Kernel Socket.
[ 24341361] systd[: Rch tgeSyem Time Schnid.
[[0;32m  OK  [0m] Reached target System Time Synchronized.
[ 25937]systd[1]:Stted Fwa Psword Requests to Wall Directory Watch.
[[0;32m  OK  [0m] Started Forward Password Requests to Wall Directory Watch.
[   25.581805] systemd[1]: Created slice User and Session Slice.
[[0;32m  OK  [0m] Created slice User and Session Slice.
[   25.584634] systemd[1]: Created slice System Slice.
[[0;32m  OK  [0m] Created slice System Slice.

[   25.597558] systemd[1]: Starting Uncomplicated firewall...
         Starting Uncomplicated firewall...
[   25.721519] systemd[1]: Starting Nameserver information manager...
         Starting Nameserver information manager...
[   25.832891] systemd[1]: Starting Create list of required static device nodes for the current kernel...
         Starting Create list of required st... nodes for the current kernel...
[   25.956931] systemd[1]: Mounting Huge Pages File System...
         Mounting Huge Pages File System...
[   26.049650] systemd[1]: Starting Load Kernel Modules...
         Starting Load Kernel Modules...
[   26.092787] systemd[1]: Reached target Slices.
[[   26.094519] Loading iSCSI transport class v2.0-870.
[0;32m  OK  [0m] Reached target Slices.
[   26.174485] iscsi: registered transport (tcp)
[   26.204898] systemd[1]: Starting Journal Service...
         [   26.228804] iscsi: registered transport (iser)
Starting Journal Service...
[   26.349383] systemd[1]: Starting Monitoring of LVM2 mirrors, snapshots etc. using dmeventd or progress polling...
         Starting Monitoring of LVM2 mirrors... dmeventd or progress polling...
[   26.513279] systemd[1]: Mounting POSIX Message Queue File System...
         Mounting POSIX Message Queue File System...
[   26.617837] systemd[1]: Mounting Debug File System...
         Mounting Debug File System...
[   27.028967] systemd[1]: Starting Remount Root and Kernel File Systems...
         [   27.067753] EXT4-fs (sda1): re-mounted. Opts: (null)
Starting Remount Root and Kernel File Systems...
[   27.129494] systemd[1]: Starting Set console keymap...
         Starting Set console keymap...
[   27.133247] systemd[1]: Listening on LVM2 poll daemon socket.
[[0;32m  OK  [0m] Listening on LVM2 poll daemon socket.
[   27.150378] systemd[1]: Created slice system-serial\x2dgetty.slice.
[[0;32m  OK  [0m] Created slice system-serial\x2dgetty.slice.
[   27.154894] systemd[1]: Mounted POSIX Message Queue File System.
[[0;32m  OK  [0m] Mounted POSIX Message Queue File System.
[   27.165194] systemd[1]: Mounted Huge Pages File System.
[[0;32m  OK  [0m] Mounted Huge Pages File System.
[   27.168532] systemd[1]: Mounted Debug File System.
[[0;32m  OK  [0m] Mounted Debug File System.
[   27.217495] systemd[1]: Started Journal Service.
[[0;32m  OK  [0m] Started Journal Service.
[[0;32m  OK  [0m] Started Uncomplicated firewall.
[[0;32m  OK  [0m] Started Create list of required sta...ce nodes for the current kernel.
[[0;32m  OK  [0m] Started Load Kernel Modules.
[[0;32m  OK  [0m] Started Remount Root and Kernel File Systems.
[[0;32m  OK  [0m] Started Set console keymap.
[[0;32m  OK  [0m] Started Nameserver information manager.
[[0;32m  OK  [0m] Started LVM2 metadata daemon.
         Starting udev Coldplug all Devices...
         Starting Load/Save Random Seed...
         Starting Apply Kernel Variables...
         Mounting FUSE Control File System...
         Starting Create Static Device Nodes in /dev...
         Starting Flush Journal to Persistent Storage...
[[0;32m  OK  [0m] Mounted FUSE Control File System.
[[0;32m  OK  [0m] Started Monitoring of LVM2 mirrors,...ng dmeventd or progress polling.
[[0;32m  OK  [0m] Started Load/Save Random Seed.
[[0;32m  OK  [0m] Started Apply Kernel Variables.
[[0;32m  OK  [0m] Started Create Static Device Nodes in /dev.
[[0;32m  OK  [0m] Started udev Coldplug all Devices.
         Starting udev Kernel Device Manager...
[[0;32m  OK  [0m] Reached target Local File Systems (Pre).
[[0;32m  OK  [0m] Reached target Local File Systems.
         Starting Set console font and keymap...
         Starting Tell Plymouth To Write Out Runtime Data...
         Starting LSB: AppArmor initialization...
         Starting Initial cloud-init job (pre-networking)...
[[0;32m  OK  [0m] Started udev Kernel Device Manager.
[[0;32m  OK  [0m] Started Flush Journal to Persistent Storage.
[[0;32m  OK  [0m] Started Tell Plymouth To Write Out Runtime Data.
[[0;32m  OK  [0m] Found device /dev/ttyS0.
[[0;32m  OK  [0m] Started LSB: AppArmor initialization.
[[0;32m  OK  [0m] Listening on Load/Save RF Kill Switch Status /dev/rfkill Watch.
         Starting Create Volatile Files and Directories...
[[0;32m  OK  [0m] Started Dispatch Password Requests to Console Directory Watch.
[[0;32m  OK  [0m] Started Set console font and keymap.
[[0;32m  OK  [0m] Started Create Volatile Files and Directories.
[[0;32m  OK  [0m] Found device 82540EM Gigabit Ethern...r (PRO/1000 MT Desktop Adapter).
         Starting Update UTMP about System Boot/Shutdown...
[[0;32m  OK  [0m] Created slice system-getty.slice.
[[0;32m  OK  [0m] Started Update UTMP about System Boot/Shutdown.
[   22.573187] cloud-init[596]: Cloud-init v. 19.1-1-gbaa47854-0ubuntu1~16.04.1 running 'init-local' at Thu, 13 Jun 2019 12:32:15 +0000. Up 22.22 seconds.
[[0;32m  OK  [0m] Started Initial cloud-init job (pre-networking).
[[0;32m  OK  [0m] Reached target Network (Pre).
         Starting Raise network interfaces...
[[0;32m  OK  [0m] Started ifup for enp0s3.
[[0;32m  OK  [0m] Started Raise network interfaces.
         Starting Initial cloud-init job (metadata service crawler)...
[[0;32m  OK  [0m] Reached target Network.
[   23.602792] cloud-init[992]: Cloud-init v. 19.1-1-gbaa47854-0ubuntu1~16.04.1 running 'init' at Thu, 13 Jun 2019 12:32:16 +0000. Up 23.24 seconds.
[   23.640436] cloud-init[992]: ci-info: ++++++++++++++++++++++++++++++++++++++Net device info+++++++++++++++++++++++++++++++++++++++
[[0;32m  OK  [0m] Started Initial cloud-init job (metadata service crawler).
[   23.679616] cloud-init[992]: ci-info: +--------+-------+----------------------------+---------------+--------+-------------------+[[0;32m  OK  [0m] Reached target Network is Online.

[   23.705171] cloud-init[992]: ci-info: | Device |   Up  |          Address           |      Mask     | Scope  |     Hw-Address    |
[   23.853172] cloud-init[992]: ci-info: +--------+-------+----------------------------+---------------+--------+-------------------+
[   23.994841] cloud-init[992]: ci-info: | enp0s3 |  True |         10.0.2.15          | 255.255.255.0 | global | 02:bc:a8:42:42:bc |
[   24.108989] cloud-init[992]: ci-info: | enp0s3 |  True | fe80::bc:a8ff:fe42:42bc/64 |       .       |  link  | 02:bc:a8:42:42:bc |
         Starting iSCSI initiator daemon (iscsid)...
[   24.264028] cloud-init[992]: ci-info: | enp0s8 | False |             .              |       .       |   .    | 08:00:27:03:06:e9 |
[   24.440678] cloud-init[992]: ci-info: |   lo   |  True |         127.0.0.1          |   255.0.0.0   |  host  |         .         |
[   24.440719] cloud-init[992]: ci-info: |   lo   |  True |          ::1/128           |       .       |  host  |         .         |
[   24.440760] cloud-init[992]: ci-info: +--------+-------+----------------------------+---------------+--------+-------------------+
[   24.440798] cloud-init[992]: ci-info: +++++++++++++++++++++++++++Route IPv4 info++++++++++++++++++++++++++++
[   24.440832] cloud-init[992]: ci-info: +-------+-------------+----------+---------------+-----------+-------+
[   24.440868] cloud-init[992]: ci-info: | Route | Destination | Gateway  |    Genmask    | Interface | Flags |
[   24.440903] cloud-init[992]: ci-info: +-------+-------------+----------+---------------+-----------+-------+
[   24.440938] cloud-init[992]: ci-info: |   0   |   0.0.0.0   | 10.0.2.2 |    0.0.0.0    |   enp0s3  |   UG  |
[   24.440972] cloud-init[992]: ci-info: |   1   |   10.0.2.0  | 0.0.0.0  | 255.255.255.0 |   enp0s3  |   U   |
[   24.441006] cloud-init[992]: ci-info: +-------+-------------+----------+---------------+-----------+-------+
[   24.441040] cloud-init[992]: ci-info: +++++++++++++++++++Route IPv6 info+++++++++++++++++++
[   24.441073] cloud-init[992]: ci-info: +-------+-------------+---------+-----------+-------+
[   24.441111] cloud-init[992]: ci-info: | Route | Destination | Gateway | Interface | Flags |
[   24.441145] cloud-init[992]: ci-info: +-------+-------------+---------+-----------+-------+
[   24.441178] cloud-init[992]: ci-info: |   0   |  fe80::/64  |    ::   |   enp0s3  |   U   |
[   24.441403] cloud-init[992]: ci-info: |   3   |   ff00::/8  |    ::   |   enp0s3  |   U   |
[   24.441461] cloud-init[992]: ci-info: +-------+-------------+---------+-----------+-------+
[[0;32m  OK  [0m] Reached target System Initialization.
[[0;32m  OK  [0m] Listening on D-Bus System Message Bus Socket.
         Starting LXD - unix socket.
[[0;32m  OK  [0m] Started Daily Cleanup of Temporary Directories.
[[0;32m  OK  [0m] Started ACPI Events Check.
[[0;32m  OK  [0m] Reached target Paths.
[[0;32m  OK  [0m] Listening on ACPID Listen Socket.
[[0;32m  OK  [0m] Listening on UUID daemon activation socket.
         Starting Socket activation for snappy daemon.
[[0;32m  OK  [0m] Started Daily apt download activities.
[[0;32m  OK  [0m] Started Daily apt upgrade and clean activities.
[[0;32m  OK  [0m] Reached target Timers.
[[0;32m  OK  [0m] Reached target Cloud-config availability.
[[0;32m  OK  [0m] Listening on LXD - unix socket.
[[0;32m  OK  [0m] Listening on Socket activation for snappy daemon.
[[0;32m  OK  [0m] Started iSCSI initiator daemon (iscsid).
         Starting Login to default iSCSI targets...
[[0;32m  OK  [0m] Reached target Sockets.
[[0;32m  OK  [0m] Reached target Basic System.
         Starting vboxadd.service...
         Starting System Logging Service...
[[0;32m  OK  [0m] Started FUSE filesystem for LXC.
[[0;32m  OK  [0m] Started Deferred execution scheduler.
         Starting Accounts Service...
         Starting LSB: Record successful boot for GRUB...
         Starting OpenBSD Secure Shell server...
[[0;32m  OK  [0m] Started Regular background program processing daemon.
         Starting Login Service...
         Starting LSB: MD monitoring daemon...
         Starting LXD - container startup/shutdown...
         Starting /etc/rc.local Compatibility...
[[0;32m  OK  [0m] Started ACPI event daemon.
         Starting Snappy daemon...
[[0;32m  OK  [0m] Started D-Bus System Message Bus.
[[0;32m  OK  [0m] Started System Logging Service.
[[0;32m  OK  [0m] Started vboxadd.service.
[[0;32m  OK  [0m] Started /etc/rc.local Compatibility.
[[0;32m  OK  [0m] Started OpenBSD Secure Shell server.
[[0;32m  OK  [0m] Started Login to default iSCSI targets.
[[0;32m  OK  [0m] Started LSB: Record successful boot for GRUB.
[[0;32m  OK  [0m] Started LSB: MD monitoring daemon.
[[0;32m  OK  [0m] Started LXD - container startup/shutdown.
[[0;32m  OK  [0m] Started Login Service.
[[0;32m  OK  [0m] Started Unattended Upgrades Shutdown.
         Starting Authenticate and Authorize Users to Run Privileged Tasks...
[[0;32m  OK  [0m] Reached target Remote File Systems (Pre).
[[0;32m  OK  [0m] Reached target Remote File Systems.
         Starting LSB: automatic crash report generation...
         Starting LSB: Set the CPU Frequency Scaling governor to "ondemand"...
         Starting Permit User Sessions...
         Starting LSB: daemon to balance interrupts for SMP systems...
         Starting vboxadd-service.service...
[[0;32m  OK  [0m] Started Snappy daemon.
[[0;32m  OK  [0m] Started Permit User Sessions.
[[0;32m  OK  [0m] Started Authenticate and Authorize Users to Run Privileged Tasks.
[[0;32m  OK  [0m] Started Accounts Service.
[[0;1;31mFAILED[0m] Failed to start vboxadd-service.service.
See 'systemctl status vboxadd-service.service' for details.
[[0;32m  OK  [0m] Created slice User Slice of vagrant.
         Starting User Manager for UID 1000...
[[0;32m  OK  [0m] Started Session 1 of user vagrant.
         Starting Terminate Plymouth Boot Screen...
         Starting Hold until boot process finishes up...
         Starting Wait until snapd is fully seeded...
[[0;32m  OK  [0m] Started LSB: automatic crash report generation.
[[0;32m  OK  [0m] Started LSB: Set the CPU Frequency Scaling governor to "ondemand".
[[0;32m  OK  [0m] Started LSB: daemon to balance interrupts for SMP systems.
[[0;32m  OK  [0m] Started Terminate Plymouth Boot Screen.
[[0;32m  OK  [0m] Started Hold until boot process finishes up.
[[0;32m  OK  [0m] Started Wait until snapd is fully seeded.
[[0;32m  OK  [0m] Started User Manager for UID 1000.
         Starting Apply the settings specified in cloud-config...
[[0;32m  OK  [0m] Started Getty on tty1.
[[0;32m  OK  [0m] Started Serial Getty on ttyS0.
[[0;32m  OK  [0m] Reached target Login Prompts.
         Starting Set console scheme...
[[0;32m  OK  [0m] Reached target Multi-User System.
[[0;32m  OK  [0m] Reached target Graphical Interface.
         Starting Update UTMP about System Runlevel Changes...
[[0;32m  OK  [0m] Started Set console scheme.
[[0;32m  OK  [0m] Started Update UTMP about System Runlevel Changes.
[   28.996534] cloud-init[1282]: Cloud-init v. 19.1-1-gbaa47854-0ubuntu1~16.04.1 running 'modules:config' at Thu, 13 Jun 2019 12:32:22 +0000. Up 28.85 seconds.
[[0;32m  OK  [0m] Started Apply the settings specified in cloud-config.
         Starting Execute cloud user/final scripts...
[   29.605007] cloud-init[1355]: Cloud-init v. 19.1-1-gbaa47854-0ubuntu1~16.04.1 running 'modules:final' at Thu, 13 Jun 2019 12:32:22 +0000. Up 29.44 seconds.
[   29.701638] [cloud-init[0;32m  OK  [0m[1355]: ] Cloud-init v. 19.1-1-gbaa47854-0ubuntu1~16.04.1 finished at Thu, 13 Jun 2019 12:32:22 +0000. Datasource DataSourceNoCloud [seed=/dev/sdb][dsmode=net].  Up 29.59 secondsStarted Execute cloud user/final scripts.

[[0;32m  OK  [0m] Reached target Cloud-init target.

Ubuntu 16.04.6 LTS vm-mysqlserv ttyS0

vm-mysqlserv login: 